<?xml version="1.0" encoding="UTF-8"?>
<testsuite name="ru.netology.rest.PostmanEchoTest" tests="1" skipped="0" failures="0" errors="0" timestamp="2022-11-22T18:46:07" hostname="DESKTOP-0V9SCA9" time="2.39">
  <properties/>
  <testcase name="shouldReturnSomething()" classname="ru.netology.rest.PostmanEchoTest" time="2.39"/>
  <system-out><![CDATA[]]></system-out>
  <system-err><![CDATA[]]></system-err>
</testsuite>
